1543822069.526696 client started (17607): version 2.7, socket /private/tmp/tmux-501/default, protocol 8
1543822069.526746 on Darwin 17.7.0 Darwin Kernel Version 17.7.0: Wed Oct 10 23:06:14 PDT 2018; root:xnu-4570.71.13~1/RELEASE_X86_64; libevent 2.1.8-stable (select)
1543822069.526873 socket is /private/tmp/tmux-501/default
1543822069.526904 trying connect
1543822069.527036 add peer 0x7fb260000000: 6 (0x0)
1543822069.532022 sending message 100 to peer 0x7fb260000000 (4 bytes)
1543822069.532056 sending message 101 to peer 0x7fb260000000 (15 bytes)
1543822069.532067 sending message 102 to peer 0x7fb260000000 (13 bytes)
1543822069.532077 sending message 108 to peer 0x7fb260000000 (34 bytes)
1543822069.532099 sending message 104 to peer 0x7fb260000000 (0 bytes)
1543822069.532108 sending message 107 to peer 0x7fb260000000 (4 bytes)
1543822069.532117 sending message 105 to peer 0x7fb260000000 (64 bytes)
1543822069.532126 sending message 105 to peer 0x7fb260000000 (76 bytes)
1543822069.532135 sending message 105 to peer 0x7fb260000000 (15 bytes)
1543822069.532145 sending message 105 to peer 0x7fb260000000 (20 bytes)
1543822069.532154 sending message 105 to peer 0x7fb260000000 (26 bytes)
1543822069.532163 sending message 105 to peer 0x7fb260000000 (92 bytes)
1543822069.532171 sending message 105 to peer 0x7fb260000000 (44 bytes)
1543822069.532180 sending message 105 to peer 0x7fb260000000 (29 bytes)
1543822069.532189 sending message 105 to peer 0x7fb260000000 (42 bytes)
1543822069.532198 sending message 105 to peer 0x7fb260000000 (67 bytes)
1543822069.532207 sending message 105 to peer 0x7fb260000000 (22 bytes)
1543822069.532217 sending message 105 to peer 0x7fb260000000 (61 bytes)
1543822069.532226 sending message 105 to peer 0x7fb260000000 (14 bytes)
1543822069.532234 sending message 105 to peer 0x7fb260000000 (11 bytes)
1543822069.532243 sending message 105 to peer 0x7fb260000000 (19 bytes)
1543822069.532252 sending message 105 to peer 0x7fb260000000 (17 bytes)
1543822069.532260 sending message 105 to peer 0x7fb260000000 (12 bytes)
1543822069.532269 sending message 105 to peer 0x7fb260000000 (17 bytes)
1543822069.532278 sending message 105 to peer 0x7fb260000000 (41 bytes)
1543822069.532287 sending message 105 to peer 0x7fb260000000 (759 bytes)
1543822069.532300 sending message 105 to peer 0x7fb260000000 (38 bytes)
1543822069.532309 sending message 105 to peer 0x7fb260000000 (46 bytes)
1543822069.532318 sending message 105 to peer 0x7fb260000000 (65 bytes)
1543822069.532327 sending message 105 to peer 0x7fb260000000 (43 bytes)
1543822069.532336 sending message 105 to peer 0x7fb260000000 (23 bytes)
1543822069.532346 sending message 105 to peer 0x7fb260000000 (25 bytes)
1543822069.532356 sending message 105 to peer 0x7fb260000000 (25 bytes)
1543822069.532365 sending message 105 to peer 0x7fb260000000 (8 bytes)
1543822069.532374 sending message 105 to peer 0x7fb260000000 (22 bytes)
1543822069.532383 sending message 105 to peer 0x7fb260000000 (96 bytes)
1543822069.532392 sending message 105 to peer 0x7fb260000000 (66 bytes)
1543822069.532401 sending message 105 to peer 0x7fb260000000 (20 bytes)
1543822069.532410 sending message 105 to peer 0x7fb260000000 (23 bytes)
1543822069.532418 sending message 105 to peer 0x7fb260000000 (27 bytes)
1543822069.532427 sending message 105 to peer 0x7fb260000000 (60 bytes)
1543822069.532436 sending message 105 to peer 0x7fb260000000 (57 bytes)
1543822069.532445 sending message 105 to peer 0x7fb260000000 (43 bytes)
1543822069.532453 sending message 105 to peer 0x7fb260000000 (13 bytes)
1543822069.532462 sending message 105 to peer 0x7fb260000000 (9 bytes)
1543822069.532471 sending message 105 to peer 0x7fb260000000 (71 bytes)
1543822069.532480 sending message 105 to peer 0x7fb260000000 (14 bytes)
1543822069.532488 sending message 105 to peer 0x7fb260000000 (19 bytes)
1543822069.532497 sending message 105 to peer 0x7fb260000000 (38 bytes)
1543822069.532506 sending message 105 to peer 0x7fb260000000 (20 bytes)
1543822069.532514 sending message 105 to peer 0x7fb260000000 (11 bytes)
1543822069.532523 sending message 105 to peer 0x7fb260000000 (42 bytes)
1543822069.532557 sending message 105 to peer 0x7fb260000000 (51 bytes)
1543822069.532567 sending message 105 to peer 0x7fb260000000 (10 bytes)
1543822069.532578 sending message 105 to peer 0x7fb260000000 (1138 bytes)
1543822069.532603 sending message 105 to peer 0x7fb260000000 (17 bytes)
1543822069.532614 sending message 105 to peer 0x7fb260000000 (21 bytes)
1543822069.532624 sending message 105 to peer 0x7fb260000000 (46 bytes)
1543822069.532634 sending message 105 to peer 0x7fb260000000 (59 bytes)
1543822069.532648 sending message 105 to peer 0x7fb260000000 (21 bytes)
1543822069.532658 sending message 105 to peer 0x7fb260000000 (58 bytes)
1543822069.532668 sending message 105 to peer 0x7fb260000000 (29 bytes)
1543822069.532678 sending message 105 to peer 0x7fb260000000 (29 bytes)
1543822069.532687 sending message 105 to peer 0x7fb260000000 (45 bytes)
1543822069.532697 sending message 105 to peer 0x7fb260000000 (53 bytes)
1543822069.532706 sending message 105 to peer 0x7fb260000000 (49 bytes)
1543822069.532717 sending message 105 to peer 0x7fb260000000 (21 bytes)
1543822069.532727 sending message 105 to peer 0x7fb260000000 (42 bytes)
1543822069.532737 sending message 105 to peer 0x7fb260000000 (38 bytes)
1543822069.532747 sending message 105 to peer 0x7fb260000000 (35 bytes)
1543822069.532757 sending message 105 to peer 0x7fb260000000 (68 bytes)
1543822069.532766 sending message 105 to peer 0x7fb260000000 (25 bytes)
1543822069.532775 sending message 105 to peer 0x7fb260000000 (26 bytes)
1543822069.532785 sending message 105 to peer 0x7fb260000000 (64 bytes)
1543822069.532794 sending message 105 to peer 0x7fb260000000 (81 bytes)
1543822069.532802 sending message 105 to peer 0x7fb260000000 (18 bytes)
1543822069.532812 sending message 105 to peer 0x7fb260000000 (30 bytes)
1543822069.532822 sending message 105 to peer 0x7fb260000000 (112 bytes)
1543822069.532831 sending message 105 to peer 0x7fb260000000 (17 bytes)
1543822069.532841 sending message 105 to peer 0x7fb260000000 (3240 bytes)
1543822069.532855 sending message 105 to peer 0x7fb260000000 (16 bytes)
1543822069.532865 sending message 105 to peer 0x7fb260000000 (24 bytes)
1543822069.532875 sending message 105 to peer 0x7fb260000000 (30 bytes)
1543822069.532884 sending message 105 to peer 0x7fb260000000 (22 bytes)
1543822069.532895 sending message 106 to peer 0x7fb260000000 (0 bytes)
1543822069.532910 sending message 200 to peer 0x7fb260000000 (4 bytes)
1543822069.532920 client loop enter
1543822069.533492 peer 0x7fb260000000 message 211
1543822069.533511 client_write: sessions should be nested with care, unset $TMUX to force\n
1543822069.533539 peer 0x7fb260000000 message 203
1543822069.533550 client loop exit
